---------------------------------------------------------------
[ 2018-12-05T10:03:04+08:00 ] 0.0.0.0 GET localhost/Tp5/admin/tp_bs_dms/public/admin/index/index.html
[运行时间：0.083005s] [吞吐率：12.05req/s] [内存消耗：1,661.73kb] [文件加载：47]
[ info ] [ LANG ] D:\phpstudy\WWW\Tp5\admin\tp_bs_dms\thinkphp\lang\zh-cn.php
[ info ] [ ROUTE ] array (
  'type' => 'module',
  'module' => 
  array (
    0 => 'admin',
    1 => 'index',
    2 => 'index',
  ),
)
[ info ] [ HEADER ] array (
  'accept-language' => 'zh-CN,zh;q=0.9',
  'accept-encoding' => 'gzip, deflate, br',
  'referer' => 'http://localhost/Tp5/admin/tp_bs_dms/public/admin/login/index.html',
  'accept' => 'text/html,application/xhtml+xml,application/xml;q=0.9,image/webp,image/apng,*/*;q=0.8',
  'user-agent' => 'Mozilla/5.0 (Windows NT 6.1; WOW64) AppleWebKit/537.36 (KHTML, like Gecko) Chrome/68.0.3440.106 Safari/537.36',
  'upgrade-insecure-requests' => '1',
  'connection' => 'close',
  'host' => 'localhost',
)
[ info ] [ PARAM ] array (
)
[ info ] [ SESSION ] INIT array (
  'id' => '',
  'var_session_id' => '',
  'prefix' => 'think',
  'type' => '',
  'auto_start' => true,
  'expire' => 25200,
)
[ info ] [ LOG ] INIT File
---------------------------------------------------------------
[ 2018-12-05T10:03:04+08:00 ] 0.0.0.0 GET localhost/Tp5/admin/tp_bs_dms/public/admin/login/index.html
[运行时间：0.072004s] [吞吐率：13.89req/s] [内存消耗：1,651.06kb] [文件加载：45]
[ info ] [ LANG ] D:\phpstudy\WWW\Tp5\admin\tp_bs_dms\thinkphp\lang\zh-cn.php
[ info ] [ ROUTE ] array (
  'type' => 'module',
  'module' => 
  array (
    0 => 'admin',
    1 => 'login',
    2 => 'index',
  ),
)
[ info ] [ HEADER ] array (
  'cookie' => 'PHPSESSID=j2ueq5611niit17so0vhaj7mft',
  'accept-language' => 'zh-CN,zh;q=0.9',
  'accept-encoding' => 'gzip, deflate, br',
  'referer' => 'http://localhost/Tp5/admin/tp_bs_dms/public/admin/login/index.html',
  'accept' => 'text/html,application/xhtml+xml,application/xml;q=0.9,image/webp,image/apng,*/*;q=0.8',
  'user-agent' => 'Mozilla/5.0 (Windows NT 6.1; WOW64) AppleWebKit/537.36 (KHTML, like Gecko) Chrome/68.0.3440.106 Safari/537.36',
  'upgrade-insecure-requests' => '1',
  'connection' => 'close',
  'host' => 'localhost',
)
[ info ] [ PARAM ] array (
)
[ info ] [ RUN ] app\admin\controller\Login->index[ D:\phpstudy\WWW\Tp5\admin\tp_bs_dms\application\admin\controller\Login.php ]
[ info ] [ SESSION ] INIT array (
  'id' => '',
  'var_session_id' => '',
  'prefix' => 'think',
  'type' => '',
  'auto_start' => true,
  'expire' => 25200,
)
[ info ] [ VIEW ] D:\phpstudy\WWW\Tp5\admin\tp_bs_dms\public/../application/admin\view\login\index.html [ array (
  0 => 'login_num',
) ]
[ info ] [ LOG ] INIT File
