---------------------------------------------------------------
[ 2018-11-22T19:51:22+08:00 ] 0.0.0.0 GET localhost/Tp5/admin/tp_bs_dms/public/admin/index?
[运行时间：0.030001s] [吞吐率：33.33req/s] [内存消耗：1,851.56kb] [文件加载：45]
[ info ] [ LANG ] D:\phpstudy\WWW\Tp5\admin\tp_bs_dms\thinkphp\lang\zh-cn.php
[ info ] [ ROUTE ] array (
  'type' => 'module',
  'module' => 
  array (
    0 => 'admin',
    1 => 'index',
    2 => NULL,
  ),
)
[ info ] [ HEADER ] array (
  'accept-language' => 'zh-CN,zh;q=0.9',
  'accept-encoding' => 'gzip, deflate, br',
  'accept' => 'text/html,application/xhtml+xml,application/xml;q=0.9,image/webp,image/apng,*/*;q=0.8',
  'user-agent' => 'Mozilla/5.0 (Windows NT 6.1; WOW64) AppleWebKit/537.36 (KHTML, like Gecko) Chrome/68.0.3440.106 Safari/537.36',
  'upgrade-insecure-requests' => '1',
  'cache-control' => 'max-age=0',
  'connection' => 'close',
  'host' => 'localhost',
)
[ info ] [ PARAM ] array (
)
[ info ] [ RUN ] app\admin\controller\Index->index[ D:\phpstudy\WWW\Tp5\admin\tp_bs_dms\application\admin\controller\Index.php ]
[ info ] [ VIEW ] D:\phpstudy\WWW\Tp5\admin\tp_bs_dms\public/../application/admin\view\index\index.html [ array (
) ]
[ info ] [ LOG ] INIT File
---------------------------------------------------------------
[ 2018-11-22T19:51:23+08:00 ] 0.0.0.0 POST localhost/Tp5/admin/tp_bs_dms/public/admin/index/test
[运行时间：0.026001s] [吞吐率：38.46req/s] [内存消耗：1,579.45kb] [文件加载：43]
[ info ] [ LANG ] D:\phpstudy\WWW\Tp5\admin\tp_bs_dms\thinkphp\lang\zh-cn.php
[ info ] [ ROUTE ] array (
  'type' => 'module',
  'module' => 
  array (
    0 => 'admin',
    1 => 'index',
    2 => 'test',
  ),
)
[ info ] [ HEADER ] array (
  'accept-language' => 'zh-CN,zh;q=0.9',
  'accept-encoding' => 'gzip, deflate, br',
  'referer' => 'http://localhost/Tp5/admin/tp_bs_dms/public/admin/index?',
  'user-agent' => 'Mozilla/5.0 (Windows NT 6.1; WOW64) AppleWebKit/537.36 (KHTML, like Gecko) Chrome/68.0.3440.106 Safari/537.36',
  'x-requested-with' => 'XMLHttpRequest',
  'origin' => 'http://localhost',
  'accept' => '*/*',
  'content-length' => '0',
  'connection' => 'close',
  'host' => 'localhost',
)
[ info ] [ PARAM ] array (
)
[ info ] [ RUN ] app\admin\controller\Index->test[ D:\phpstudy\WWW\Tp5\admin\tp_bs_dms\application\admin\controller\Index.php ]
[ info ] [ LOG ] INIT File
---------------------------------------------------------------
[ 2018-11-22T19:51:24+08:00 ] 0.0.0.0 POST localhost/Tp5/admin/tp_bs_dms/public/admin/index/test
[运行时间：0.034002s] [吞吐率：29.41req/s] [内存消耗：1,579.45kb] [文件加载：43]
[ info ] [ LANG ] D:\phpstudy\WWW\Tp5\admin\tp_bs_dms\thinkphp\lang\zh-cn.php
[ info ] [ ROUTE ] array (
  'type' => 'module',
  'module' => 
  array (
    0 => 'admin',
    1 => 'index',
    2 => 'test',
  ),
)
[ info ] [ HEADER ] array (
  'accept-language' => 'zh-CN,zh;q=0.9',
  'accept-encoding' => 'gzip, deflate, br',
  'referer' => 'http://localhost/Tp5/admin/tp_bs_dms/public/admin/index?',
  'user-agent' => 'Mozilla/5.0 (Windows NT 6.1; WOW64) AppleWebKit/537.36 (KHTML, like Gecko) Chrome/68.0.3440.106 Safari/537.36',
  'x-requested-with' => 'XMLHttpRequest',
  'origin' => 'http://localhost',
  'accept' => '*/*',
  'content-length' => '0',
  'connection' => 'close',
  'host' => 'localhost',
)
[ info ] [ PARAM ] array (
)
[ info ] [ RUN ] app\admin\controller\Index->test[ D:\phpstudy\WWW\Tp5\admin\tp_bs_dms\application\admin\controller\Index.php ]
[ info ] [ LOG ] INIT File
---------------------------------------------------------------
[ 2018-11-22T19:51:25+08:00 ] 0.0.0.0 POST localhost/Tp5/admin/tp_bs_dms/public/admin/index/test
[运行时间：0.035002s] [吞吐率：28.57req/s] [内存消耗：1,579.45kb] [文件加载：43]
[ info ] [ LANG ] D:\phpstudy\WWW\Tp5\admin\tp_bs_dms\thinkphp\lang\zh-cn.php
[ info ] [ ROUTE ] array (
  'type' => 'module',
  'module' => 
  array (
    0 => 'admin',
    1 => 'index',
    2 => 'test',
  ),
)
[ info ] [ HEADER ] array (
  'accept-language' => 'zh-CN,zh;q=0.9',
  'accept-encoding' => 'gzip, deflate, br',
  'referer' => 'http://localhost/Tp5/admin/tp_bs_dms/public/admin/index?',
  'user-agent' => 'Mozilla/5.0 (Windows NT 6.1; WOW64) AppleWebKit/537.36 (KHTML, like Gecko) Chrome/68.0.3440.106 Safari/537.36',
  'x-requested-with' => 'XMLHttpRequest',
  'origin' => 'http://localhost',
  'accept' => '*/*',
  'content-length' => '0',
  'connection' => 'close',
  'host' => 'localhost',
)
[ info ] [ PARAM ] array (
)
[ info ] [ RUN ] app\admin\controller\Index->test[ D:\phpstudy\WWW\Tp5\admin\tp_bs_dms\application\admin\controller\Index.php ]
[ info ] [ LOG ] INIT File
---------------------------------------------------------------
[ 2018-11-22T19:51:25+08:00 ] 0.0.0.0 POST localhost/Tp5/admin/tp_bs_dms/public/admin/index/test
[运行时间：0.040002s] [吞吐率：25.00req/s] [内存消耗：1,579.45kb] [文件加载：43]
[ info ] [ LANG ] D:\phpstudy\WWW\Tp5\admin\tp_bs_dms\thinkphp\lang\zh-cn.php
[ info ] [ ROUTE ] array (
  'type' => 'module',
  'module' => 
  array (
    0 => 'admin',
    1 => 'index',
    2 => 'test',
  ),
)
[ info ] [ HEADER ] array (
  'accept-language' => 'zh-CN,zh;q=0.9',
  'accept-encoding' => 'gzip, deflate, br',
  'referer' => 'http://localhost/Tp5/admin/tp_bs_dms/public/admin/index?',
  'user-agent' => 'Mozilla/5.0 (Windows NT 6.1; WOW64) AppleWebKit/537.36 (KHTML, like Gecko) Chrome/68.0.3440.106 Safari/537.36',
  'x-requested-with' => 'XMLHttpRequest',
  'origin' => 'http://localhost',
  'accept' => '*/*',
  'content-length' => '0',
  'connection' => 'close',
  'host' => 'localhost',
)
[ info ] [ PARAM ] array (
)
[ info ] [ RUN ] app\admin\controller\Index->test[ D:\phpstudy\WWW\Tp5\admin\tp_bs_dms\application\admin\controller\Index.php ]
[ info ] [ LOG ] INIT File
---------------------------------------------------------------
[ 2018-11-22T19:51:25+08:00 ] 0.0.0.0 POST localhost/Tp5/admin/tp_bs_dms/public/admin/index/test
[运行时间：0.038002s] [吞吐率：26.31req/s] [内存消耗：1,579.45kb] [文件加载：43]
[ info ] [ LANG ] D:\phpstudy\WWW\Tp5\admin\tp_bs_dms\thinkphp\lang\zh-cn.php
[ info ] [ ROUTE ] array (
  'type' => 'module',
  'module' => 
  array (
    0 => 'admin',
    1 => 'index',
    2 => 'test',
  ),
)
[ info ] [ HEADER ] array (
  'accept-language' => 'zh-CN,zh;q=0.9',
  'accept-encoding' => 'gzip, deflate, br',
  'referer' => 'http://localhost/Tp5/admin/tp_bs_dms/public/admin/index?',
  'user-agent' => 'Mozilla/5.0 (Windows NT 6.1; WOW64) AppleWebKit/537.36 (KHTML, like Gecko) Chrome/68.0.3440.106 Safari/537.36',
  'x-requested-with' => 'XMLHttpRequest',
  'origin' => 'http://localhost',
  'accept' => '*/*',
  'content-length' => '0',
  'connection' => 'close',
  'host' => 'localhost',
)
[ info ] [ PARAM ] array (
)
[ info ] [ RUN ] app\admin\controller\Index->test[ D:\phpstudy\WWW\Tp5\admin\tp_bs_dms\application\admin\controller\Index.php ]
[ info ] [ LOG ] INIT File
---------------------------------------------------------------
[ 2018-11-22T19:54:30+08:00 ] 0.0.0.0 GET localhost/Tp5/admin/tp_bs_dms/public/admin/index?
[运行时间：0.037002s] [吞吐率：27.03req/s] [内存消耗：1,606.00kb] [文件加载：43]
[ info ] [ LANG ] D:\phpstudy\WWW\Tp5\admin\tp_bs_dms\thinkphp\lang\zh-cn.php
[ info ] [ ROUTE ] array (
  'type' => 'module',
  'module' => 
  array (
    0 => 'admin',
    1 => 'index',
    2 => NULL,
  ),
)
[ info ] [ HEADER ] array (
  'accept-language' => 'zh-CN,zh;q=0.9',
  'accept-encoding' => 'gzip, deflate, br',
  'accept' => 'text/html,application/xhtml+xml,application/xml;q=0.9,image/webp,image/apng,*/*;q=0.8',
  'user-agent' => 'Mozilla/5.0 (Windows NT 6.1; WOW64) AppleWebKit/537.36 (KHTML, like Gecko) Chrome/68.0.3440.106 Safari/537.36',
  'upgrade-insecure-requests' => '1',
  'cache-control' => 'max-age=0',
  'connection' => 'close',
  'host' => 'localhost',
)
[ info ] [ PARAM ] array (
)
[ info ] [ RUN ] app\admin\controller\Index->index[ D:\phpstudy\WWW\Tp5\admin\tp_bs_dms\application\admin\controller\Index.php ]
[ info ] [ VIEW ] D:\phpstudy\WWW\Tp5\admin\tp_bs_dms\public/../application/admin\view\index\index.html [ array (
) ]
[ info ] [ LOG ] INIT File
---------------------------------------------------------------
[ 2018-11-22T19:54:30+08:00 ] 0.0.0.0 GET localhost/Tp5/admin/tp_bs_dms/public/admin/index?
[运行时间：0.025002s] [吞吐率：40.00req/s] [内存消耗：1,606.00kb] [文件加载：43]
[ info ] [ LANG ] D:\phpstudy\WWW\Tp5\admin\tp_bs_dms\thinkphp\lang\zh-cn.php
[ info ] [ ROUTE ] array (
  'type' => 'module',
  'module' => 
  array (
    0 => 'admin',
    1 => 'index',
    2 => NULL,
  ),
)
[ info ] [ HEADER ] array (
  'accept-language' => 'zh-CN,zh;q=0.9',
  'accept-encoding' => 'gzip, deflate, br',
  'accept' => 'text/html,application/xhtml+xml,application/xml;q=0.9,image/webp,image/apng,*/*;q=0.8',
  'user-agent' => 'Mozilla/5.0 (Windows NT 6.1; WOW64) AppleWebKit/537.36 (KHTML, like Gecko) Chrome/68.0.3440.106 Safari/537.36',
  'upgrade-insecure-requests' => '1',
  'cache-control' => 'max-age=0',
  'connection' => 'close',
  'host' => 'localhost',
)
[ info ] [ PARAM ] array (
)
[ info ] [ RUN ] app\admin\controller\Index->index[ D:\phpstudy\WWW\Tp5\admin\tp_bs_dms\application\admin\controller\Index.php ]
[ info ] [ VIEW ] D:\phpstudy\WWW\Tp5\admin\tp_bs_dms\public/../application/admin\view\index\index.html [ array (
) ]
[ info ] [ LOG ] INIT File
---------------------------------------------------------------
[ 2018-11-22T19:54:32+08:00 ] 0.0.0.0 POST localhost/Tp5/admin/tp_bs_dms/public/admin/index/test
[运行时间：0.018001s] [吞吐率：55.55req/s] [内存消耗：1,579.45kb] [文件加载：43]
[ info ] [ LANG ] D:\phpstudy\WWW\Tp5\admin\tp_bs_dms\thinkphp\lang\zh-cn.php
[ info ] [ ROUTE ] array (
  'type' => 'module',
  'module' => 
  array (
    0 => 'admin',
    1 => 'index',
    2 => 'test',
  ),
)
[ info ] [ HEADER ] array (
  'accept-language' => 'zh-CN,zh;q=0.9',
  'accept-encoding' => 'gzip, deflate, br',
  'referer' => 'http://localhost/Tp5/admin/tp_bs_dms/public/admin/index?',
  'user-agent' => 'Mozilla/5.0 (Windows NT 6.1; WOW64) AppleWebKit/537.36 (KHTML, like Gecko) Chrome/68.0.3440.106 Safari/537.36',
  'x-requested-with' => 'XMLHttpRequest',
  'origin' => 'http://localhost',
  'accept' => '*/*',
  'content-length' => '0',
  'connection' => 'close',
  'host' => 'localhost',
)
[ info ] [ PARAM ] array (
)
[ info ] [ RUN ] app\admin\controller\Index->test[ D:\phpstudy\WWW\Tp5\admin\tp_bs_dms\application\admin\controller\Index.php ]
[ info ] [ LOG ] INIT File
---------------------------------------------------------------
[ 2018-11-22T19:54:33+08:00 ] 0.0.0.0 POST localhost/Tp5/admin/tp_bs_dms/public/admin/index/test
[运行时间：0.028002s] [吞吐率：35.71req/s] [内存消耗：1,579.45kb] [文件加载：43]
[ info ] [ LANG ] D:\phpstudy\WWW\Tp5\admin\tp_bs_dms\thinkphp\lang\zh-cn.php
[ info ] [ ROUTE ] array (
  'type' => 'module',
  'module' => 
  array (
    0 => 'admin',
    1 => 'index',
    2 => 'test',
  ),
)
[ info ] [ HEADER ] array (
  'accept-language' => 'zh-CN,zh;q=0.9',
  'accept-encoding' => 'gzip, deflate, br',
  'referer' => 'http://localhost/Tp5/admin/tp_bs_dms/public/admin/index?',
  'user-agent' => 'Mozilla/5.0 (Windows NT 6.1; WOW64) AppleWebKit/537.36 (KHTML, like Gecko) Chrome/68.0.3440.106 Safari/537.36',
  'x-requested-with' => 'XMLHttpRequest',
  'origin' => 'http://localhost',
  'accept' => '*/*',
  'content-length' => '0',
  'connection' => 'close',
  'host' => 'localhost',
)
[ info ] [ PARAM ] array (
)
[ info ] [ RUN ] app\admin\controller\Index->test[ D:\phpstudy\WWW\Tp5\admin\tp_bs_dms\application\admin\controller\Index.php ]
[ info ] [ LOG ] INIT File
---------------------------------------------------------------
[ 2018-11-22T19:54:33+08:00 ] 0.0.0.0 POST localhost/Tp5/admin/tp_bs_dms/public/admin/index/test
[运行时间：0.034002s] [吞吐率：29.41req/s] [内存消耗：1,579.45kb] [文件加载：43]
[ info ] [ LANG ] D:\phpstudy\WWW\Tp5\admin\tp_bs_dms\thinkphp\lang\zh-cn.php
[ info ] [ ROUTE ] array (
  'type' => 'module',
  'module' => 
  array (
    0 => 'admin',
    1 => 'index',
    2 => 'test',
  ),
)
[ info ] [ HEADER ] array (
  'accept-language' => 'zh-CN,zh;q=0.9',
  'accept-encoding' => 'gzip, deflate, br',
  'referer' => 'http://localhost/Tp5/admin/tp_bs_dms/public/admin/index?',
  'user-agent' => 'Mozilla/5.0 (Windows NT 6.1; WOW64) AppleWebKit/537.36 (KHTML, like Gecko) Chrome/68.0.3440.106 Safari/537.36',
  'x-requested-with' => 'XMLHttpRequest',
  'origin' => 'http://localhost',
  'accept' => '*/*',
  'content-length' => '0',
  'connection' => 'close',
  'host' => 'localhost',
)
[ info ] [ PARAM ] array (
)
[ info ] [ RUN ] app\admin\controller\Index->test[ D:\phpstudy\WWW\Tp5\admin\tp_bs_dms\application\admin\controller\Index.php ]
[ info ] [ LOG ] INIT File
---------------------------------------------------------------
[ 2018-11-22T19:54:34+08:00 ] 0.0.0.0 POST localhost/Tp5/admin/tp_bs_dms/public/admin/index/test
[运行时间：0.042002s] [吞吐率：23.81req/s] [内存消耗：1,579.45kb] [文件加载：43]
[ info ] [ LANG ] D:\phpstudy\WWW\Tp5\admin\tp_bs_dms\thinkphp\lang\zh-cn.php
[ info ] [ ROUTE ] array (
  'type' => 'module',
  'module' => 
  array (
    0 => 'admin',
    1 => 'index',
    2 => 'test',
  ),
)
[ info ] [ HEADER ] array (
  'accept-language' => 'zh-CN,zh;q=0.9',
  'accept-encoding' => 'gzip, deflate, br',
  'referer' => 'http://localhost/Tp5/admin/tp_bs_dms/public/admin/index?',
  'user-agent' => 'Mozilla/5.0 (Windows NT 6.1; WOW64) AppleWebKit/537.36 (KHTML, like Gecko) Chrome/68.0.3440.106 Safari/537.36',
  'x-requested-with' => 'XMLHttpRequest',
  'origin' => 'http://localhost',
  'accept' => '*/*',
  'content-length' => '0',
  'connection' => 'close',
  'host' => 'localhost',
)
[ info ] [ PARAM ] array (
)
[ info ] [ RUN ] app\admin\controller\Index->test[ D:\phpstudy\WWW\Tp5\admin\tp_bs_dms\application\admin\controller\Index.php ]
[ info ] [ LOG ] INIT File
---------------------------------------------------------------
[ 2018-11-22T19:54:34+08:00 ] 0.0.0.0 POST localhost/Tp5/admin/tp_bs_dms/public/admin/index/test
[运行时间：0.042003s] [吞吐率：23.81req/s] [内存消耗：1,579.45kb] [文件加载：43]
[ info ] [ LANG ] D:\phpstudy\WWW\Tp5\admin\tp_bs_dms\thinkphp\lang\zh-cn.php
[ info ] [ ROUTE ] array (
  'type' => 'module',
  'module' => 
  array (
    0 => 'admin',
    1 => 'index',
    2 => 'test',
  ),
)
[ info ] [ HEADER ] array (
  'accept-language' => 'zh-CN,zh;q=0.9',
  'accept-encoding' => 'gzip, deflate, br',
  'referer' => 'http://localhost/Tp5/admin/tp_bs_dms/public/admin/index?',
  'user-agent' => 'Mozilla/5.0 (Windows NT 6.1; WOW64) AppleWebKit/537.36 (KHTML, like Gecko) Chrome/68.0.3440.106 Safari/537.36',
  'x-requested-with' => 'XMLHttpRequest',
  'origin' => 'http://localhost',
  'accept' => '*/*',
  'content-length' => '0',
  'connection' => 'close',
  'host' => 'localhost',
)
[ info ] [ PARAM ] array (
)
[ info ] [ RUN ] app\admin\controller\Index->test[ D:\phpstudy\WWW\Tp5\admin\tp_bs_dms\application\admin\controller\Index.php ]
[ info ] [ LOG ] INIT File
---------------------------------------------------------------
[ 2018-11-22T19:54:52+08:00 ] 0.0.0.0 POST localhost/Tp5/admin/tp_bs_dms/public/admin/index/test
[运行时间：0.051003s] [吞吐率：19.61req/s] [内存消耗：1,579.45kb] [文件加载：43]
[ info ] [ LANG ] D:\phpstudy\WWW\Tp5\admin\tp_bs_dms\thinkphp\lang\zh-cn.php
[ info ] [ ROUTE ] array (
  'type' => 'module',
  'module' => 
  array (
    0 => 'admin',
    1 => 'index',
    2 => 'test',
  ),
)
[ info ] [ HEADER ] array (
  'accept-language' => 'zh-CN,zh;q=0.9',
  'accept-encoding' => 'gzip, deflate, br',
  'referer' => 'http://localhost/Tp5/admin/tp_bs_dms/public/admin/index?',
  'user-agent' => 'Mozilla/5.0 (Windows NT 6.1; WOW64) AppleWebKit/537.36 (KHTML, like Gecko) Chrome/68.0.3440.106 Safari/537.36',
  'x-requested-with' => 'XMLHttpRequest',
  'origin' => 'http://localhost',
  'accept' => '*/*',
  'content-length' => '0',
  'connection' => 'close',
  'host' => 'localhost',
)
[ info ] [ PARAM ] array (
)
[ info ] [ RUN ] app\admin\controller\Index->test[ D:\phpstudy\WWW\Tp5\admin\tp_bs_dms\application\admin\controller\Index.php ]
[ info ] [ LOG ] INIT File
---------------------------------------------------------------
[ 2018-11-22T19:54:53+08:00 ] 0.0.0.0 POST localhost/Tp5/admin/tp_bs_dms/public/admin/index/test
[运行时间：0.037002s] [吞吐率：27.03req/s] [内存消耗：1,579.45kb] [文件加载：43]
[ info ] [ LANG ] D:\phpstudy\WWW\Tp5\admin\tp_bs_dms\thinkphp\lang\zh-cn.php
[ info ] [ ROUTE ] array (
  'type' => 'module',
  'module' => 
  array (
    0 => 'admin',
    1 => 'index',
    2 => 'test',
  ),
)
[ info ] [ HEADER ] array (
  'accept-language' => 'zh-CN,zh;q=0.9',
  'accept-encoding' => 'gzip, deflate, br',
  'referer' => 'http://localhost/Tp5/admin/tp_bs_dms/public/admin/index?',
  'user-agent' => 'Mozilla/5.0 (Windows NT 6.1; WOW64) AppleWebKit/537.36 (KHTML, like Gecko) Chrome/68.0.3440.106 Safari/537.36',
  'x-requested-with' => 'XMLHttpRequest',
  'origin' => 'http://localhost',
  'accept' => '*/*',
  'content-length' => '0',
  'connection' => 'close',
  'host' => 'localhost',
)
[ info ] [ PARAM ] array (
)
[ info ] [ RUN ] app\admin\controller\Index->test[ D:\phpstudy\WWW\Tp5\admin\tp_bs_dms\application\admin\controller\Index.php ]
[ info ] [ LOG ] INIT File
---------------------------------------------------------------
[ 2018-11-22T19:54:53+08:00 ] 0.0.0.0 POST localhost/Tp5/admin/tp_bs_dms/public/admin/index/test
[运行时间：0.039002s] [吞吐率：25.64req/s] [内存消耗：1,579.45kb] [文件加载：43]
[ info ] [ LANG ] D:\phpstudy\WWW\Tp5\admin\tp_bs_dms\thinkphp\lang\zh-cn.php
[ info ] [ ROUTE ] array (
  'type' => 'module',
  'module' => 
  array (
    0 => 'admin',
    1 => 'index',
    2 => 'test',
  ),
)
[ info ] [ HEADER ] array (
  'accept-language' => 'zh-CN,zh;q=0.9',
  'accept-encoding' => 'gzip, deflate, br',
  'referer' => 'http://localhost/Tp5/admin/tp_bs_dms/public/admin/index?',
  'user-agent' => 'Mozilla/5.0 (Windows NT 6.1; WOW64) AppleWebKit/537.36 (KHTML, like Gecko) Chrome/68.0.3440.106 Safari/537.36',
  'x-requested-with' => 'XMLHttpRequest',
  'origin' => 'http://localhost',
  'accept' => '*/*',
  'content-length' => '0',
  'connection' => 'close',
  'host' => 'localhost',
)
[ info ] [ PARAM ] array (
)
[ info ] [ RUN ] app\admin\controller\Index->test[ D:\phpstudy\WWW\Tp5\admin\tp_bs_dms\application\admin\controller\Index.php ]
[ info ] [ LOG ] INIT File
---------------------------------------------------------------
[ 2018-11-22T19:54:54+08:00 ] 0.0.0.0 POST localhost/Tp5/admin/tp_bs_dms/public/admin/index/test
[运行时间：0.040003s] [吞吐率：25.00req/s] [内存消耗：1,579.45kb] [文件加载：43]
[ info ] [ LANG ] D:\phpstudy\WWW\Tp5\admin\tp_bs_dms\thinkphp\lang\zh-cn.php
[ info ] [ ROUTE ] array (
  'type' => 'module',
  'module' => 
  array (
    0 => 'admin',
    1 => 'index',
    2 => 'test',
  ),
)
[ info ] [ HEADER ] array (
  'accept-language' => 'zh-CN,zh;q=0.9',
  'accept-encoding' => 'gzip, deflate, br',
  'referer' => 'http://localhost/Tp5/admin/tp_bs_dms/public/admin/index?',
  'user-agent' => 'Mozilla/5.0 (Windows NT 6.1; WOW64) AppleWebKit/537.36 (KHTML, like Gecko) Chrome/68.0.3440.106 Safari/537.36',
  'x-requested-with' => 'XMLHttpRequest',
  'origin' => 'http://localhost',
  'accept' => '*/*',
  'content-length' => '0',
  'connection' => 'close',
  'host' => 'localhost',
)
[ info ] [ PARAM ] array (
)
[ info ] [ RUN ] app\admin\controller\Index->test[ D:\phpstudy\WWW\Tp5\admin\tp_bs_dms\application\admin\controller\Index.php ]
[ info ] [ LOG ] INIT File
---------------------------------------------------------------
[ 2018-11-22T19:55:08+08:00 ] 0.0.0.0 POST localhost/Tp5/admin/tp_bs_dms/public/admin/index/test
[运行时间：0.029001s] [吞吐率：34.48req/s] [内存消耗：1,579.45kb] [文件加载：43]
[ info ] [ LANG ] D:\phpstudy\WWW\Tp5\admin\tp_bs_dms\thinkphp\lang\zh-cn.php
[ info ] [ ROUTE ] array (
  'type' => 'module',
  'module' => 
  array (
    0 => 'admin',
    1 => 'index',
    2 => 'test',
  ),
)
[ info ] [ HEADER ] array (
  'accept-language' => 'zh-CN,zh;q=0.9',
  'accept-encoding' => 'gzip, deflate, br',
  'referer' => 'http://localhost/Tp5/admin/tp_bs_dms/public/admin/index?',
  'user-agent' => 'Mozilla/5.0 (Windows NT 6.1; WOW64) AppleWebKit/537.36 (KHTML, like Gecko) Chrome/68.0.3440.106 Safari/537.36',
  'x-requested-with' => 'XMLHttpRequest',
  'origin' => 'http://localhost',
  'accept' => '*/*',
  'content-length' => '0',
  'connection' => 'close',
  'host' => 'localhost',
)
[ info ] [ PARAM ] array (
)
[ info ] [ RUN ] app\admin\controller\Index->test[ D:\phpstudy\WWW\Tp5\admin\tp_bs_dms\application\admin\controller\Index.php ]
[ info ] [ LOG ] INIT File
---------------------------------------------------------------
[ 2018-11-22T19:55:08+08:00 ] 0.0.0.0 POST localhost/Tp5/admin/tp_bs_dms/public/admin/index/test
[运行时间：0.036002s] [吞吐率：27.78req/s] [内存消耗：1,579.45kb] [文件加载：43]
[ info ] [ LANG ] D:\phpstudy\WWW\Tp5\admin\tp_bs_dms\thinkphp\lang\zh-cn.php
[ info ] [ ROUTE ] array (
  'type' => 'module',
  'module' => 
  array (
    0 => 'admin',
    1 => 'index',
    2 => 'test',
  ),
)
[ info ] [ HEADER ] array (
  'accept-language' => 'zh-CN,zh;q=0.9',
  'accept-encoding' => 'gzip, deflate, br',
  'referer' => 'http://localhost/Tp5/admin/tp_bs_dms/public/admin/index?',
  'user-agent' => 'Mozilla/5.0 (Windows NT 6.1; WOW64) AppleWebKit/537.36 (KHTML, like Gecko) Chrome/68.0.3440.106 Safari/537.36',
  'x-requested-with' => 'XMLHttpRequest',
  'origin' => 'http://localhost',
  'accept' => '*/*',
  'content-length' => '0',
  'connection' => 'close',
  'host' => 'localhost',
)
[ info ] [ PARAM ] array (
)
[ info ] [ RUN ] app\admin\controller\Index->test[ D:\phpstudy\WWW\Tp5\admin\tp_bs_dms\application\admin\controller\Index.php ]
[ info ] [ LOG ] INIT File
---------------------------------------------------------------
[ 2018-11-22T19:55:09+08:00 ] 0.0.0.0 POST localhost/Tp5/admin/tp_bs_dms/public/admin/index/test
[运行时间：0.037002s] [吞吐率：27.03req/s] [内存消耗：1,579.45kb] [文件加载：43]
[ info ] [ LANG ] D:\phpstudy\WWW\Tp5\admin\tp_bs_dms\thinkphp\lang\zh-cn.php
[ info ] [ ROUTE ] array (
  'type' => 'module',
  'module' => 
  array (
    0 => 'admin',
    1 => 'index',
    2 => 'test',
  ),
)
[ info ] [ HEADER ] array (
  'accept-language' => 'zh-CN,zh;q=0.9',
  'accept-encoding' => 'gzip, deflate, br',
  'referer' => 'http://localhost/Tp5/admin/tp_bs_dms/public/admin/index?',
  'user-agent' => 'Mozilla/5.0 (Windows NT 6.1; WOW64) AppleWebKit/537.36 (KHTML, like Gecko) Chrome/68.0.3440.106 Safari/537.36',
  'x-requested-with' => 'XMLHttpRequest',
  'origin' => 'http://localhost',
  'accept' => '*/*',
  'content-length' => '0',
  'connection' => 'close',
  'host' => 'localhost',
)
[ info ] [ PARAM ] array (
)
[ info ] [ RUN ] app\admin\controller\Index->test[ D:\phpstudy\WWW\Tp5\admin\tp_bs_dms\application\admin\controller\Index.php ]
[ info ] [ LOG ] INIT File
---------------------------------------------------------------
[ 2018-11-22T19:55:09+08:00 ] 0.0.0.0 POST localhost/Tp5/admin/tp_bs_dms/public/admin/index/test
[运行时间：0.043003s] [吞吐率：23.25req/s] [内存消耗：1,579.45kb] [文件加载：43]
[ info ] [ LANG ] D:\phpstudy\WWW\Tp5\admin\tp_bs_dms\thinkphp\lang\zh-cn.php
[ info ] [ ROUTE ] array (
  'type' => 'module',
  'module' => 
  array (
    0 => 'admin',
    1 => 'index',
    2 => 'test',
  ),
)
[ info ] [ HEADER ] array (
  'accept-language' => 'zh-CN,zh;q=0.9',
  'accept-encoding' => 'gzip, deflate, br',
  'referer' => 'http://localhost/Tp5/admin/tp_bs_dms/public/admin/index?',
  'user-agent' => 'Mozilla/5.0 (Windows NT 6.1; WOW64) AppleWebKit/537.36 (KHTML, like Gecko) Chrome/68.0.3440.106 Safari/537.36',
  'x-requested-with' => 'XMLHttpRequest',
  'origin' => 'http://localhost',
  'accept' => '*/*',
  'content-length' => '0',
  'connection' => 'close',
  'host' => 'localhost',
)
[ info ] [ PARAM ] array (
)
[ info ] [ RUN ] app\admin\controller\Index->test[ D:\phpstudy\WWW\Tp5\admin\tp_bs_dms\application\admin\controller\Index.php ]
[ info ] [ LOG ] INIT File
---------------------------------------------------------------
[ 2018-11-22T19:56:47+08:00 ] 0.0.0.0 GET localhost/Tp5/admin/tp_bs_dms/public/admin/index?
[运行时间：0.031002s] [吞吐率：32.26req/s] [内存消耗：1,606.00kb] [文件加载：43]
[ info ] [ LANG ] D:\phpstudy\WWW\Tp5\admin\tp_bs_dms\thinkphp\lang\zh-cn.php
[ info ] [ ROUTE ] array (
  'type' => 'module',
  'module' => 
  array (
    0 => 'admin',
    1 => 'index',
    2 => NULL,
  ),
)
[ info ] [ HEADER ] array (
  'accept-language' => 'zh-CN,zh;q=0.9',
  'accept-encoding' => 'gzip, deflate, br',
  'accept' => 'text/html,application/xhtml+xml,application/xml;q=0.9,image/webp,image/apng,*/*;q=0.8',
  'user-agent' => 'Mozilla/5.0 (Windows NT 6.1; WOW64) AppleWebKit/537.36 (KHTML, like Gecko) Chrome/68.0.3440.106 Safari/537.36',
  'upgrade-insecure-requests' => '1',
  'cache-control' => 'max-age=0',
  'connection' => 'close',
  'host' => 'localhost',
)
[ info ] [ PARAM ] array (
)
[ info ] [ RUN ] app\admin\controller\Index->index[ D:\phpstudy\WWW\Tp5\admin\tp_bs_dms\application\admin\controller\Index.php ]
[ info ] [ VIEW ] D:\phpstudy\WWW\Tp5\admin\tp_bs_dms\public/../application/admin\view\index\index.html [ array (
) ]
[ info ] [ LOG ] INIT File
---------------------------------------------------------------
[ 2018-11-22T19:56:48+08:00 ] 0.0.0.0 GET localhost/Tp5/admin/tp_bs_dms/public/admin/index?
[运行时间：0.040002s] [吞吐率：25.00req/s] [内存消耗：1,606.00kb] [文件加载：43]
[ info ] [ LANG ] D:\phpstudy\WWW\Tp5\admin\tp_bs_dms\thinkphp\lang\zh-cn.php
[ info ] [ ROUTE ] array (
  'type' => 'module',
  'module' => 
  array (
    0 => 'admin',
    1 => 'index',
    2 => NULL,
  ),
)
[ info ] [ HEADER ] array (
  'accept-language' => 'zh-CN,zh;q=0.9',
  'accept-encoding' => 'gzip, deflate, br',
  'accept' => 'text/html,application/xhtml+xml,application/xml;q=0.9,image/webp,image/apng,*/*;q=0.8',
  'user-agent' => 'Mozilla/5.0 (Windows NT 6.1; WOW64) AppleWebKit/537.36 (KHTML, like Gecko) Chrome/68.0.3440.106 Safari/537.36',
  'upgrade-insecure-requests' => '1',
  'cache-control' => 'max-age=0',
  'connection' => 'close',
  'host' => 'localhost',
)
[ info ] [ PARAM ] array (
)
[ info ] [ RUN ] app\admin\controller\Index->index[ D:\phpstudy\WWW\Tp5\admin\tp_bs_dms\application\admin\controller\Index.php ]
[ info ] [ VIEW ] D:\phpstudy\WWW\Tp5\admin\tp_bs_dms\public/../application/admin\view\index\index.html [ array (
) ]
[ info ] [ LOG ] INIT File
---------------------------------------------------------------
[ 2018-11-22T19:56:49+08:00 ] 0.0.0.0 POST localhost/Tp5/admin/tp_bs_dms/public/admin/index/test
[运行时间：0.040002s] [吞吐率：25.00req/s] [内存消耗：1,579.45kb] [文件加载：43]
[ info ] [ LANG ] D:\phpstudy\WWW\Tp5\admin\tp_bs_dms\thinkphp\lang\zh-cn.php
[ info ] [ ROUTE ] array (
  'type' => 'module',
  'module' => 
  array (
    0 => 'admin',
    1 => 'index',
    2 => 'test',
  ),
)
[ info ] [ HEADER ] array (
  'accept-language' => 'zh-CN,zh;q=0.9',
  'accept-encoding' => 'gzip, deflate, br',
  'referer' => 'http://localhost/Tp5/admin/tp_bs_dms/public/admin/index?',
  'user-agent' => 'Mozilla/5.0 (Windows NT 6.1; WOW64) AppleWebKit/537.36 (KHTML, like Gecko) Chrome/68.0.3440.106 Safari/537.36',
  'x-requested-with' => 'XMLHttpRequest',
  'origin' => 'http://localhost',
  'accept' => '*/*',
  'content-length' => '0',
  'connection' => 'close',
  'host' => 'localhost',
)
[ info ] [ PARAM ] array (
)
[ info ] [ RUN ] app\admin\controller\Index->test[ D:\phpstudy\WWW\Tp5\admin\tp_bs_dms\application\admin\controller\Index.php ]
[ info ] [ LOG ] INIT File
---------------------------------------------------------------
[ 2018-11-22T19:56:50+08:00 ] 0.0.0.0 POST localhost/Tp5/admin/tp_bs_dms/public/admin/index/test
[运行时间：0.021002s] [吞吐率：47.61req/s] [内存消耗：1,579.45kb] [文件加载：43]
[ info ] [ LANG ] D:\phpstudy\WWW\Tp5\admin\tp_bs_dms\thinkphp\lang\zh-cn.php
[ info ] [ ROUTE ] array (
  'type' => 'module',
  'module' => 
  array (
    0 => 'admin',
    1 => 'index',
    2 => 'test',
  ),
)
[ info ] [ HEADER ] array (
  'accept-language' => 'zh-CN,zh;q=0.9',
  'accept-encoding' => 'gzip, deflate, br',
  'referer' => 'http://localhost/Tp5/admin/tp_bs_dms/public/admin/index?',
  'user-agent' => 'Mozilla/5.0 (Windows NT 6.1; WOW64) AppleWebKit/537.36 (KHTML, like Gecko) Chrome/68.0.3440.106 Safari/537.36',
  'x-requested-with' => 'XMLHttpRequest',
  'origin' => 'http://localhost',
  'accept' => '*/*',
  'content-length' => '0',
  'connection' => 'close',
  'host' => 'localhost',
)
[ info ] [ PARAM ] array (
)
[ info ] [ RUN ] app\admin\controller\Index->test[ D:\phpstudy\WWW\Tp5\admin\tp_bs_dms\application\admin\controller\Index.php ]
[ info ] [ LOG ] INIT File
---------------------------------------------------------------
[ 2018-11-22T19:56:51+08:00 ] 0.0.0.0 POST localhost/Tp5/admin/tp_bs_dms/public/admin/index/test
[运行时间：0.034002s] [吞吐率：29.41req/s] [内存消耗：1,579.45kb] [文件加载：43]
[ info ] [ LANG ] D:\phpstudy\WWW\Tp5\admin\tp_bs_dms\thinkphp\lang\zh-cn.php
[ info ] [ ROUTE ] array (
  'type' => 'module',
  'module' => 
  array (
    0 => 'admin',
    1 => 'index',
    2 => 'test',
  ),
)
[ info ] [ HEADER ] array (
  'accept-language' => 'zh-CN,zh;q=0.9',
  'accept-encoding' => 'gzip, deflate, br',
  'referer' => 'http://localhost/Tp5/admin/tp_bs_dms/public/admin/index?',
  'user-agent' => 'Mozilla/5.0 (Windows NT 6.1; WOW64) AppleWebKit/537.36 (KHTML, like Gecko) Chrome/68.0.3440.106 Safari/537.36',
  'x-requested-with' => 'XMLHttpRequest',
  'origin' => 'http://localhost',
  'accept' => '*/*',
  'content-length' => '0',
  'connection' => 'close',
  'host' => 'localhost',
)
[ info ] [ PARAM ] array (
)
[ info ] [ RUN ] app\admin\controller\Index->test[ D:\phpstudy\WWW\Tp5\admin\tp_bs_dms\application\admin\controller\Index.php ]
[ info ] [ LOG ] INIT File
---------------------------------------------------------------
[ 2018-11-22T19:56:51+08:00 ] 0.0.0.0 POST localhost/Tp5/admin/tp_bs_dms/public/admin/index/test
[运行时间：0.034002s] [吞吐率：29.41req/s] [内存消耗：1,579.45kb] [文件加载：43]
[ info ] [ LANG ] D:\phpstudy\WWW\Tp5\admin\tp_bs_dms\thinkphp\lang\zh-cn.php
[ info ] [ ROUTE ] array (
  'type' => 'module',
  'module' => 
  array (
    0 => 'admin',
    1 => 'index',
    2 => 'test',
  ),
)
[ info ] [ HEADER ] array (
  'accept-language' => 'zh-CN,zh;q=0.9',
  'accept-encoding' => 'gzip, deflate, br',
  'referer' => 'http://localhost/Tp5/admin/tp_bs_dms/public/admin/index?',
  'user-agent' => 'Mozilla/5.0 (Windows NT 6.1; WOW64) AppleWebKit/537.36 (KHTML, like Gecko) Chrome/68.0.3440.106 Safari/537.36',
  'x-requested-with' => 'XMLHttpRequest',
  'origin' => 'http://localhost',
  'accept' => '*/*',
  'content-length' => '0',
  'connection' => 'close',
  'host' => 'localhost',
)
[ info ] [ PARAM ] array (
)
[ info ] [ RUN ] app\admin\controller\Index->test[ D:\phpstudy\WWW\Tp5\admin\tp_bs_dms\application\admin\controller\Index.php ]
[ info ] [ LOG ] INIT File
---------------------------------------------------------------
[ 2018-11-22T19:56:51+08:00 ] 0.0.0.0 POST localhost/Tp5/admin/tp_bs_dms/public/admin/index/test
[运行时间：0.049003s] [吞吐率：20.41req/s] [内存消耗：1,579.45kb] [文件加载：43]
[ info ] [ LANG ] D:\phpstudy\WWW\Tp5\admin\tp_bs_dms\thinkphp\lang\zh-cn.php
[ info ] [ ROUTE ] array (
  'type' => 'module',
  'module' => 
  array (
    0 => 'admin',
    1 => 'index',
    2 => 'test',
  ),
)
[ info ] [ HEADER ] array (
  'accept-language' => 'zh-CN,zh;q=0.9',
  'accept-encoding' => 'gzip, deflate, br',
  'referer' => 'http://localhost/Tp5/admin/tp_bs_dms/public/admin/index?',
  'user-agent' => 'Mozilla/5.0 (Windows NT 6.1; WOW64) AppleWebKit/537.36 (KHTML, like Gecko) Chrome/68.0.3440.106 Safari/537.36',
  'x-requested-with' => 'XMLHttpRequest',
  'origin' => 'http://localhost',
  'accept' => '*/*',
  'content-length' => '0',
  'connection' => 'close',
  'host' => 'localhost',
)
[ info ] [ PARAM ] array (
)
[ info ] [ RUN ] app\admin\controller\Index->test[ D:\phpstudy\WWW\Tp5\admin\tp_bs_dms\application\admin\controller\Index.php ]
[ info ] [ LOG ] INIT File
---------------------------------------------------------------
[ 2018-11-22T19:57:13+08:00 ] 0.0.0.0 GET localhost/Tp5/admin/tp_bs_dms/public/admin/index?
[运行时间：0.029001s] [吞吐率：34.48req/s] [内存消耗：1,606.00kb] [文件加载：43]
[ info ] [ LANG ] D:\phpstudy\WWW\Tp5\admin\tp_bs_dms\thinkphp\lang\zh-cn.php
[ info ] [ ROUTE ] array (
  'type' => 'module',
  'module' => 
  array (
    0 => 'admin',
    1 => 'index',
    2 => NULL,
  ),
)
[ info ] [ HEADER ] array (
  'accept-language' => 'zh-CN,zh;q=0.9',
  'accept-encoding' => 'gzip, deflate, br',
  'accept' => 'text/html,application/xhtml+xml,application/xml;q=0.9,image/webp,image/apng,*/*;q=0.8',
  'user-agent' => 'Mozilla/5.0 (Windows NT 6.1; WOW64) AppleWebKit/537.36 (KHTML, like Gecko) Chrome/68.0.3440.106 Safari/537.36',
  'upgrade-insecure-requests' => '1',
  'cache-control' => 'max-age=0',
  'connection' => 'close',
  'host' => 'localhost',
)
[ info ] [ PARAM ] array (
)
[ info ] [ RUN ] app\admin\controller\Index->index[ D:\phpstudy\WWW\Tp5\admin\tp_bs_dms\application\admin\controller\Index.php ]
[ info ] [ VIEW ] D:\phpstudy\WWW\Tp5\admin\tp_bs_dms\public/../application/admin\view\index\index.html [ array (
) ]
[ info ] [ LOG ] INIT File
---------------------------------------------------------------
[ 2018-11-22T19:57:13+08:00 ] 0.0.0.0 GET localhost/Tp5/admin/tp_bs_dms/public/admin/index?
[运行时间：0.023001s] [吞吐率：43.48req/s] [内存消耗：1,606.00kb] [文件加载：43]
[ info ] [ LANG ] D:\phpstudy\WWW\Tp5\admin\tp_bs_dms\thinkphp\lang\zh-cn.php
[ info ] [ ROUTE ] array (
  'type' => 'module',
  'module' => 
  array (
    0 => 'admin',
    1 => 'index',
    2 => NULL,
  ),
)
[ info ] [ HEADER ] array (
  'accept-language' => 'zh-CN,zh;q=0.9',
  'accept-encoding' => 'gzip, deflate, br',
  'accept' => 'text/html,application/xhtml+xml,application/xml;q=0.9,image/webp,image/apng,*/*;q=0.8',
  'user-agent' => 'Mozilla/5.0 (Windows NT 6.1; WOW64) AppleWebKit/537.36 (KHTML, like Gecko) Chrome/68.0.3440.106 Safari/537.36',
  'upgrade-insecure-requests' => '1',
  'cache-control' => 'max-age=0',
  'connection' => 'close',
  'host' => 'localhost',
)
[ info ] [ PARAM ] array (
)
[ info ] [ RUN ] app\admin\controller\Index->index[ D:\phpstudy\WWW\Tp5\admin\tp_bs_dms\application\admin\controller\Index.php ]
[ info ] [ VIEW ] D:\phpstudy\WWW\Tp5\admin\tp_bs_dms\public/../application/admin\view\index\index.html [ array (
) ]
[ info ] [ LOG ] INIT File
---------------------------------------------------------------
[ 2018-11-22T19:57:14+08:00 ] 0.0.0.0 POST localhost/Tp5/admin/tp_bs_dms/public/admin/index/test
[运行时间：0.018001s] [吞吐率：55.55req/s] [内存消耗：1,579.45kb] [文件加载：43]
[ info ] [ LANG ] D:\phpstudy\WWW\Tp5\admin\tp_bs_dms\thinkphp\lang\zh-cn.php
[ info ] [ ROUTE ] array (
  'type' => 'module',
  'module' => 
  array (
    0 => 'admin',
    1 => 'index',
    2 => 'test',
  ),
)
[ info ] [ HEADER ] array (
  'accept-language' => 'zh-CN,zh;q=0.9',
  'accept-encoding' => 'gzip, deflate, br',
  'referer' => 'http://localhost/Tp5/admin/tp_bs_dms/public/admin/index?',
  'user-agent' => 'Mozilla/5.0 (Windows NT 6.1; WOW64) AppleWebKit/537.36 (KHTML, like Gecko) Chrome/68.0.3440.106 Safari/537.36',
  'x-requested-with' => 'XMLHttpRequest',
  'origin' => 'http://localhost',
  'accept' => '*/*',
  'content-length' => '0',
  'connection' => 'close',
  'host' => 'localhost',
)
[ info ] [ PARAM ] array (
)
[ info ] [ RUN ] app\admin\controller\Index->test[ D:\phpstudy\WWW\Tp5\admin\tp_bs_dms\application\admin\controller\Index.php ]
[ info ] [ LOG ] INIT File
---------------------------------------------------------------
[ 2018-11-22T19:57:15+08:00 ] 0.0.0.0 POST localhost/Tp5/admin/tp_bs_dms/public/admin/index/test
[运行时间：0.022001s] [吞吐率：45.45req/s] [内存消耗：1,579.45kb] [文件加载：43]
[ info ] [ LANG ] D:\phpstudy\WWW\Tp5\admin\tp_bs_dms\thinkphp\lang\zh-cn.php
[ info ] [ ROUTE ] array (
  'type' => 'module',
  'module' => 
  array (
    0 => 'admin',
    1 => 'index',
    2 => 'test',
  ),
)
[ info ] [ HEADER ] array (
  'accept-language' => 'zh-CN,zh;q=0.9',
  'accept-encoding' => 'gzip, deflate, br',
  'referer' => 'http://localhost/Tp5/admin/tp_bs_dms/public/admin/index?',
  'user-agent' => 'Mozilla/5.0 (Windows NT 6.1; WOW64) AppleWebKit/537.36 (KHTML, like Gecko) Chrome/68.0.3440.106 Safari/537.36',
  'x-requested-with' => 'XMLHttpRequest',
  'origin' => 'http://localhost',
  'accept' => '*/*',
  'content-length' => '0',
  'connection' => 'close',
  'host' => 'localhost',
)
[ info ] [ PARAM ] array (
)
[ info ] [ RUN ] app\admin\controller\Index->test[ D:\phpstudy\WWW\Tp5\admin\tp_bs_dms\application\admin\controller\Index.php ]
[ info ] [ LOG ] INIT File
---------------------------------------------------------------
[ 2018-11-22T19:57:15+08:00 ] 0.0.0.0 POST localhost/Tp5/admin/tp_bs_dms/public/admin/index/test
[运行时间：0.019001s] [吞吐率：52.63req/s] [内存消耗：1,579.45kb] [文件加载：43]
[ info ] [ LANG ] D:\phpstudy\WWW\Tp5\admin\tp_bs_dms\thinkphp\lang\zh-cn.php
[ info ] [ ROUTE ] array (
  'type' => 'module',
  'module' => 
  array (
    0 => 'admin',
    1 => 'index',
    2 => 'test',
  ),
)
[ info ] [ HEADER ] array (
  'accept-language' => 'zh-CN,zh;q=0.9',
  'accept-encoding' => 'gzip, deflate, br',
  'referer' => 'http://localhost/Tp5/admin/tp_bs_dms/public/admin/index?',
  'user-agent' => 'Mozilla/5.0 (Windows NT 6.1; WOW64) AppleWebKit/537.36 (KHTML, like Gecko) Chrome/68.0.3440.106 Safari/537.36',
  'x-requested-with' => 'XMLHttpRequest',
  'origin' => 'http://localhost',
  'accept' => '*/*',
  'content-length' => '0',
  'connection' => 'close',
  'host' => 'localhost',
)
[ info ] [ PARAM ] array (
)
[ info ] [ RUN ] app\admin\controller\Index->test[ D:\phpstudy\WWW\Tp5\admin\tp_bs_dms\application\admin\controller\Index.php ]
[ info ] [ LOG ] INIT File
---------------------------------------------------------------
[ 2018-11-22T19:57:16+08:00 ] 0.0.0.0 POST localhost/Tp5/admin/tp_bs_dms/public/admin/index/test
[运行时间：0.022001s] [吞吐率：45.45req/s] [内存消耗：1,579.45kb] [文件加载：43]
[ info ] [ LANG ] D:\phpstudy\WWW\Tp5\admin\tp_bs_dms\thinkphp\lang\zh-cn.php
[ info ] [ ROUTE ] array (
  'type' => 'module',
  'module' => 
  array (
    0 => 'admin',
    1 => 'index',
    2 => 'test',
  ),
)
[ info ] [ HEADER ] array (
  'accept-language' => 'zh-CN,zh;q=0.9',
  'accept-encoding' => 'gzip, deflate, br',
  'referer' => 'http://localhost/Tp5/admin/tp_bs_dms/public/admin/index?',
  'user-agent' => 'Mozilla/5.0 (Windows NT 6.1; WOW64) AppleWebKit/537.36 (KHTML, like Gecko) Chrome/68.0.3440.106 Safari/537.36',
  'x-requested-with' => 'XMLHttpRequest',
  'origin' => 'http://localhost',
  'accept' => '*/*',
  'content-length' => '0',
  'connection' => 'close',
  'host' => 'localhost',
)
[ info ] [ PARAM ] array (
)
[ info ] [ RUN ] app\admin\controller\Index->test[ D:\phpstudy\WWW\Tp5\admin\tp_bs_dms\application\admin\controller\Index.php ]
[ info ] [ LOG ] INIT File
---------------------------------------------------------------
[ 2018-11-22T19:57:16+08:00 ] 0.0.0.0 POST localhost/Tp5/admin/tp_bs_dms/public/admin/index/test
[运行时间：0.030002s] [吞吐率：33.33req/s] [内存消耗：1,579.45kb] [文件加载：43]
[ info ] [ LANG ] D:\phpstudy\WWW\Tp5\admin\tp_bs_dms\thinkphp\lang\zh-cn.php
[ info ] [ ROUTE ] array (
  'type' => 'module',
  'module' => 
  array (
    0 => 'admin',
    1 => 'index',
    2 => 'test',
  ),
)
[ info ] [ HEADER ] array (
  'accept-language' => 'zh-CN,zh;q=0.9',
  'accept-encoding' => 'gzip, deflate, br',
  'referer' => 'http://localhost/Tp5/admin/tp_bs_dms/public/admin/index?',
  'user-agent' => 'Mozilla/5.0 (Windows NT 6.1; WOW64) AppleWebKit/537.36 (KHTML, like Gecko) Chrome/68.0.3440.106 Safari/537.36',
  'x-requested-with' => 'XMLHttpRequest',
  'origin' => 'http://localhost',
  'accept' => '*/*',
  'content-length' => '0',
  'connection' => 'close',
  'host' => 'localhost',
)
[ info ] [ PARAM ] array (
)
[ info ] [ RUN ] app\admin\controller\Index->test[ D:\phpstudy\WWW\Tp5\admin\tp_bs_dms\application\admin\controller\Index.php ]
[ info ] [ LOG ] INIT File
